<?xml version="1.0" encoding="UTF-8"?>
<coverage generated="1669745080182" clover="3.2.0">
  <project timestamp="1669745080182" name="All files">
    <metrics statements="22" coveredstatements="22" conditionals="12" coveredconditionals="11" methods="1" coveredmethods="1" elements="35" coveredelements="34" complexity="0" loc="22" ncloc="22" packages="1" files="2" classes="2"/>
    <file name="ClassificationBanner.js" path="C:\Users\Poorman PC\Documents\GitHub\classification-banner\src\ClassificationBanner.js">
      <metrics statements="22" coveredstatements="22" conditionals="12" coveredconditionals="11" methods="1" coveredmethods="1"/>
      <line num="3" count="1" type="stmt"/>
      <line num="47" count="1" type="stmt"/>
      <line num="48" count="6" type="stmt"/>
      <line num="49" count="6" type="stmt"/>
      <line num="50" count="6" type="stmt"/>
      <line num="51" count="6" type="stmt"/>
      <line num="53" count="6" type="stmt"/>
      <line num="54" count="6" type="cond" truecount="2" falsecount="0"/>
      <line num="55" count="1" type="stmt"/>
      <line num="56" count="5" type="cond" truecount="2" falsecount="0"/>
      <line num="57" count="1" type="stmt"/>
      <line num="58" count="4" type="cond" truecount="2" falsecount="0"/>
      <line num="59" count="1" type="stmt"/>
      <line num="60" count="3" type="cond" truecount="2" falsecount="0"/>
      <line num="61" count="1" type="stmt"/>
      <line num="62" count="2" type="cond" truecount="2" falsecount="0"/>
      <line num="63" count="1" type="stmt"/>
      <line num="64" count="1" type="cond" truecount="1" falsecount="1"/>
      <line num="65" count="1" type="stmt"/>
      <line num="68" count="6" type="stmt"/>
      <line num="69" count="6" type="stmt"/>
      <line num="71" count="6" type="stmt"/>
    </file>
    <file name="index.js" path="C:\Users\Poorman PC\Documents\GitHub\classification-banner\src\index.js">
      <metrics statements="0" coveredstatements="0" conditionals="0" coveredconditionals="0" methods="0" coveredmethods="0"/>
    </file>
  </project>
</coverage>
