{"C:\\Users\\Poorman PC\\Documents\\GitHub\\classification-banner\\src\\ClassificationBanner.js": {"path":"C:\\Users\\Poorman PC\\Documents\\GitHub\\classification-banner\\src\\ClassificationBanner.js","statementMap":{"0":{"start":{"line":3,"column":15},"end":{"line":45,"column":1}},"1":{"start":{"line":47,"column":29},"end":{"line":77,"column":1}},"2":{"start":{"line":48,"column":29},"end":{"line":48,"column":34}},"3":{"start":{"line":49,"column":21},"end":{"line":49,"column":25}},"4":{"start":{"line":50,"column":21},"end":{"line":50,"column":28}},"5":{"start":{"line":51,"column":36},"end":{"line":51,"column":113}},"6":{"start":{"line":53,"column":28},"end":{"line":53,"column":30}},"7":{"start":{"line":54,"column":2},"end":{"line":66,"column":3}},"8":{"start":{"line":55,"column":4},"end":{"line":55,"column":40}},"9":{"start":{"line":56,"column":9},"end":{"line":66,"column":3}},"10":{"start":{"line":57,"column":4},"end":{"line":57,"column":40}},"11":{"start":{"line":58,"column":9},"end":{"line":66,"column":3}},"12":{"start":{"line":59,"column":4},"end":{"line":59,"column":31}},"13":{"start":{"line":60,"column":9},"end":{"line":66,"column":3}},"14":{"start":{"line":61,"column":4},"end":{"line":61,"column":34}},"15":{"start":{"line":62,"column":9},"end":{"line":66,"column":3}},"16":{"start":{"line":63,"column":4},"end":{"line":63,"column":41}},"17":{"start":{"line":64,"column":9},"end":{"line":66,"column":3}},"18":{"start":{"line":65,"column":4},"end":{"line":65,"column":37}},"19":{"start":{"line":68,"column":19},"end":{"line":68,"column":89}},"20":{"start":{"line":69,"column":22},"end":{"line":69,"column":95}},"21":{"start":{"line":71,"column":2},"end":{"line":76,"column":3}}},"fnMap":{"0":{"name":"(anonymous_0)","decl":{"start":{"line":47,"column":29},"end":{"line":47,"column":30}},"loc":{"start":{"line":47,"column":40},"end":{"line":77,"column":1}},"line":47}},"branchMap":{"0":{"loc":{"start":{"line":54,"column":2},"end":{"line":66,"column":3}},"type":"if","locations":[{"start":{"line":54,"column":2},"end":{"line":66,"column":3}},{"start":{"line":56,"column":9},"end":{"line":66,"column":3}}],"line":54},"1":{"loc":{"start":{"line":56,"column":9},"end":{"line":66,"column":3}},"type":"if","locations":[{"start":{"line":56,"column":9},"end":{"line":66,"column":3}},{"start":{"line":58,"column":9},"end":{"line":66,"column":3}}],"line":56},"2":{"loc":{"start":{"line":58,"column":9},"end":{"line":66,"column":3}},"type":"if","locations":[{"start":{"line":58,"column":9},"end":{"line":66,"column":3}},{"start":{"line":60,"column":9},"end":{"line":66,"column":3}}],"line":58},"3":{"loc":{"start":{"line":60,"column":9},"end":{"line":66,"column":3}},"type":"if","locations":[{"start":{"line":60,"column":9},"end":{"line":66,"column":3}},{"start":{"line":62,"column":9},"end":{"line":66,"column":3}}],"line":60},"4":{"loc":{"start":{"line":62,"column":9},"end":{"line":66,"column":3}},"type":"if","locations":[{"start":{"line":62,"column":9},"end":{"line":66,"column":3}},{"start":{"line":64,"column":9},"end":{"line":66,"column":3}}],"line":62},"5":{"loc":{"start":{"line":64,"column":9},"end":{"line":66,"column":3}},"type":"if","locations":[{"start":{"line":64,"column":9},"end":{"line":66,"column":3}},{"start":{},"end":{}}],"line":64}},"s":{"0":1,"1":1,"2":6,"3":6,"4":6,"5":6,"6":6,"7":6,"8":1,"9":5,"10":1,"11":4,"12":1,"13":3,"14":1,"15":2,"16":1,"17":1,"18":1,"19":6,"20":6,"21":6},"f":{"0":6},"b":{"0":[1,5],"1":[1,4],"2":[1,3],"3":[1,2],"4":[1,1],"5":[1,0]},"_coverageSchema":"1a1c01bbd47fc00a2c39e90264f33305004495a9","hash":"cd33e2e2806947ded17af936d6825728c8910133"}
,"C:\\Users\\Poorman PC\\Documents\\GitHub\\classification-banner\\src\\index.js": {"path":"C:\\Users\\Poorman PC\\Documents\\GitHub\\classification-banner\\src\\index.js","statementMap":{},"fnMap":{},"branchMap":{},"s":{},"f":{},"b":{}}
}
