TN:
SF:src\ClassificationBanner.js
FN:47,(anonymous_0)
FNF:1
FNH:1
FNDA:6,(anonymous_0)
DA:3,1
DA:47,1
DA:48,6
DA:49,6
DA:50,6
DA:51,6
DA:53,6
DA:54,6
DA:55,1
DA:56,5
DA:57,1
DA:58,4
DA:59,1
DA:60,3
DA:61,1
DA:62,2
DA:63,1
DA:64,1
DA:65,1
DA:68,6
DA:69,6
DA:71,6
LF:22
LH:22
BRDA:54,0,0,1
BRDA:54,0,1,5
BRDA:56,1,0,1
BRDA:56,1,1,4
BRDA:58,2,0,1
BRDA:58,2,1,3
BRDA:60,3,0,1
BRDA:60,3,1,2
BRDA:62,4,0,1
BRDA:62,4,1,1
BRDA:64,5,0,1
BRDA:64,5,1,0
BRF:12
BRH:11
end_of_record
TN:
SF:src\index.js
FNF:0
FNH:0
LF:0
LH:0
BRF:0
BRH:0
end_of_record
